[debug] [2021-02-18T22:55:11.159Z] ----------------------------------------------------------------------
[debug] [2021-02-18T22:55:11.160Z] Command:       /usr/local/bin/node /usr/local/bin/firebase init
[debug] [2021-02-18T22:55:11.160Z] CLI Version:   9.4.0
[debug] [2021-02-18T22:55:11.161Z] Platform:      darwin
[debug] [2021-02-18T22:55:11.161Z] Node Version:  v15.6.0
[debug] [2021-02-18T22:55:11.185Z] Time:          Thu Feb 18 2021 17:55:11 GMT-0500 (Eastern Standard Time)
[debug] [2021-02-18T22:55:11.186Z] ----------------------------------------------------------------------
[debug] [2021-02-18T22:55:11.186Z] 
[debug] [2021-02-18T22:55:11.189Z] >>> [apiv2][query] GET https://firebase-public.firebaseio.com/cli.json [none]
[debug] [2021-02-18T22:55:11.227Z] > command requires scopes: ["email","openid","https://www.googleapis.com/auth/cloudplatformprojects.readonly","https://www.googleapis.com/auth/firebase","https://www.googleapis.com/auth/cloud-platform"]
[debug] [2021-02-18T22:55:11.227Z] > authorizing via signed-in user
[info] 
     ######## #### ########  ######## ########     ###     ######  ########
     ##        ##  ##     ## ##       ##     ##  ##   ##  ##       ##
     ######    ##  ########  ######   ########  #########  ######  ######
     ##        ##  ##    ##  ##       ##     ## ##     ##       ## ##
     ##       #### ##     ## ######## ########  ##     ##  ######  ########

You're about to initialize a Firebase project in this directory:

  /Users/kennethokereke/Desktop/linkedin-clone-yt

Before we get started, keep in mind:

  * You are initializing in an existing Firebase project directory

[debug] [2021-02-18T22:55:11.428Z] <<< [apiv2][status] GET https://firebase-public.firebaseio.com/cli.json 200
[debug] [2021-02-18T22:55:11.429Z] <<< [apiv2][body] GET https://firebase-public.firebaseio.com/cli.json {"cloudBuildErrorAfter":1594252800000,"cloudBuildWarnAfter":1590019200000,"defaultNode10After":1594252800000,"minVersion":"3.0.5","node8DeploysDisabledAfter":1613390400000,"node8RuntimeDisabledAfter":1615809600000,"node8WarnAfter":1600128000000}
[info] 
=== Project Setup
[info] 
[info] First, let's associate this project directory with a Firebase project.
[info] You can create multiple project aliases by running firebase use --add, 
[info] but for now we'll just set up a default project.
[info] 
[info] i  .firebaserc already has a default project, using linkedinclone-18408. 
[debug] [2021-02-18T22:55:26.486Z] > refreshing access token with scopes: []
[debug] [2021-02-18T22:55:26.487Z] >>> HTTP REQUEST POST https://www.googleapis.com/oauth2/v3/token  
 <request body omitted>
[debug] [2021-02-18T22:55:26.596Z] <<< HTTP RESPONSE 200 {"pragma":"no-cache","date":"Thu, 18 Feb 2021 22:55:26 GMT","cache-control":"no-cache, no-store, max-age=0, must-revalidate","expires":"Mon, 01 Jan 1990 00:00:00 GMT","content-type":"application/json; charset=utf-8","vary":"X-Origin, Referer, Origin,Accept-Encoding","server":"scaffolding on HTTPServer2","x-xss-protection":"0","x-frame-options":"SAMEORIGIN","x-content-type-options":"nosniff","alt-svc":"h3-29=\":443\"; ma=2592000,h3-T051=\":443\"; ma=2592000,h3-Q050=\":443\"; ma=2592000,h3-Q046=\":443\"; ma=2592000,h3-Q043=\":443\"; ma=2592000,quic=\":443\"; ma=2592000; v=\"46,43\"","accept-ranges":"none","transfer-encoding":"chunked"}
[debug] [2021-02-18T22:55:26.613Z] >>> [apiv2][query] GET https://firebase.googleapis.com/v1beta1/projects/linkedinclone-18408 [none]
[debug] [2021-02-18T22:55:26.886Z] <<< [apiv2][status] GET https://firebase.googleapis.com/v1beta1/projects/linkedinclone-18408 200
[debug] [2021-02-18T22:55:26.886Z] <<< [apiv2][body] GET https://firebase.googleapis.com/v1beta1/projects/linkedinclone-18408 {"projectId":"linkedinclone-18408","projectNumber":"1023387522448","displayName":"LinkedinClone","name":"projects/linkedinclone-18408","resources":{"hostingSite":"linkedinclone-18408","storageBucket":"linkedinclone-18408.appspot.com","locationId":"us-central"},"state":"ACTIVE"}
[info] 
=== Hosting Setup
[info] 
[info] Your public directory is the folder (relative to your project directory) that
[info] will contain Hosting assets to be uploaded with firebase deploy. If you
[info] have a build process for your assets, use your build's output directory.
[info] 
